<?xml version="1.0" encoding="UTF-8"?>
<coverage generated="1670424734192" clover="3.2.0">
  <project timestamp="1670424734192" name="All files">
    <metrics statements="9" coveredstatements="9" conditionals="3" coveredconditionals="3" methods="3" coveredmethods="3" elements="15" coveredelements="15" complexity="0" loc="9" ncloc="9" packages="1" files="1" classes="1"/>
    <file name="index.ts" path="/Users/vincentsjogren/Desktop/ts-object-methods/src/index.ts">
      <metrics statements="9" coveredstatements="9" conditionals="3" coveredconditionals="3" methods="3" coveredmethods="3"/>
      <line num="1" count="1" type="stmt"/>
      <line num="5" count="3" type="cond" truecount="1" falsecount="0"/>
      <line num="6" count="2" type="stmt"/>
      <line num="9" count="1" type="stmt"/>
      <line num="13" count="3" type="cond" truecount="1" falsecount="0"/>
      <line num="14" count="2" type="stmt"/>
      <line num="17" count="1" type="stmt"/>
      <line num="21" count="3" type="cond" truecount="1" falsecount="0"/>
      <line num="22" count="2" type="stmt"/>
    </file>
  </project>
</coverage>
