{
    "/Users/vincentsjogren/Desktop/ts-object-methods/src/index.ts": {
        "path": "/Users/vincentsjogren/Desktop/ts-object-methods/src/index.ts",
        "statementMap": {
            "0": {
                "start": { "line": 5, "column": 4 },
                "end": { "line": 5, "column": 44 }
            },
            "1": {
                "start": { "line": 5, "column": 34 },
                "end": { "line": 5, "column": 44 }
            },
            "2": {
                "start": { "line": 6, "column": 4 },
                "end": { "line": 6, "column": 35 }
            },
            "3": {
                "start": { "line": 1, "column": 0 },
                "end": { "line": 1, "column": 16 }
            },
            "4": {
                "start": { "line": 13, "column": 4 },
                "end": { "line": 13, "column": 44 }
            },
            "5": {
                "start": { "line": 13, "column": 34 },
                "end": { "line": 13, "column": 44 }
            },
            "6": {
                "start": { "line": 14, "column": 4 },
                "end": { "line": 14, "column": 46 }
            },
            "7": {
                "start": { "line": 9, "column": 0 },
                "end": { "line": 9, "column": 16 }
            },
            "8": {
                "start": { "line": 21, "column": 4 },
                "end": { "line": 21, "column": 44 }
            },
            "9": {
                "start": { "line": 21, "column": 34 },
                "end": { "line": 21, "column": 44 }
            },
            "10": {
                "start": { "line": 22, "column": 4 },
                "end": { "line": 22, "column": 40 }
            },
            "11": {
                "start": { "line": 17, "column": 0 },
                "end": { "line": 17, "column": 16 }
            }
        },
        "fnMap": {
            "0": {
                "name": "objectKeys",
                "decl": {
                    "start": { "line": 1, "column": 16 },
                    "end": { "line": 1, "column": 26 }
                },
                "loc": {
                    "start": { "line": 4, "column": 8 },
                    "end": { "line": 7, "column": 1 }
                }
            },
            "1": {
                "name": "objectEntries",
                "decl": {
                    "start": { "line": 9, "column": 16 },
                    "end": { "line": 9, "column": 29 }
                },
                "loc": {
                    "start": { "line": 12, "column": 8 },
                    "end": { "line": 15, "column": 1 }
                }
            },
            "2": {
                "name": "objectValues",
                "decl": {
                    "start": { "line": 17, "column": 16 },
                    "end": { "line": 17, "column": 28 }
                },
                "loc": {
                    "start": { "line": 20, "column": 8 },
                    "end": { "line": 23, "column": 1 }
                }
            }
        },
        "branchMap": {
            "0": {
                "loc": {
                    "start": { "line": 5, "column": 4 },
                    "end": { "line": 5, "column": 44 }
                },
                "type": "if",
                "locations": [
                    {
                        "start": { "line": 5, "column": 4 },
                        "end": { "line": 5, "column": 44 }
                    }
                ]
            },
            "1": {
                "loc": {
                    "start": { "line": 13, "column": 4 },
                    "end": { "line": 13, "column": 44 }
                },
                "type": "if",
                "locations": [
                    {
                        "start": { "line": 13, "column": 4 },
                        "end": { "line": 13, "column": 44 }
                    }
                ]
            },
            "2": {
                "loc": {
                    "start": { "line": 21, "column": 4 },
                    "end": { "line": 21, "column": 44 }
                },
                "type": "if",
                "locations": [
                    {
                        "start": { "line": 21, "column": 4 },
                        "end": { "line": 21, "column": 44 }
                    }
                ]
            }
        },
        "s": {
            "0": 3,
            "1": 1,
            "2": 2,
            "3": 1,
            "4": 3,
            "5": 1,
            "6": 2,
            "7": 1,
            "8": 3,
            "9": 1,
            "10": 2,
            "11": 1
        },
        "f": { "0": 3, "1": 3, "2": 3 },
        "b": { "0": [1], "1": [1], "2": [1] }
    }
}
