{
    "/Users/vincentsjogren/Desktop/ts-object-methods/src/index.ts": {
        "path": "/Users/vincentsjogren/Desktop/ts-object-methods/src/index.ts",
        "statementMap": {
            "0": {
                "start": { "line": 4, "column": 4 },
                "end": { "line": 4, "column": 44 }
            },
            "1": {
                "start": { "line": 4, "column": 34 },
                "end": { "line": 4, "column": 44 }
            },
            "2": {
                "start": { "line": 5, "column": 4 },
                "end": { "line": 5, "column": 46 }
            },
            "3": {
                "start": { "line": 1, "column": 0 },
                "end": { "line": 1, "column": 16 }
            },
            "4": {
                "start": { "line": 11, "column": 4 },
                "end": { "line": 11, "column": 44 }
            },
            "5": {
                "start": { "line": 11, "column": 34 },
                "end": { "line": 11, "column": 44 }
            },
            "6": {
                "start": { "line": 12, "column": 4 },
                "end": { "line": 12, "column": 63 }
            },
            "7": {
                "start": { "line": 8, "column": 0 },
                "end": { "line": 8, "column": 16 }
            },
            "8": {
                "start": { "line": 18, "column": 4 },
                "end": { "line": 18, "column": 44 }
            },
            "9": {
                "start": { "line": 18, "column": 34 },
                "end": { "line": 18, "column": 44 }
            },
            "10": {
                "start": { "line": 19, "column": 4 },
                "end": { "line": 19, "column": 46 }
            },
            "11": {
                "start": { "line": 15, "column": 0 },
                "end": { "line": 15, "column": 16 }
            },
            "12": {
                "start": { "line": 26, "column": 4 },
                "end": { "line": 30, "column": 47 }
            },
            "13": {
                "start": { "line": 27, "column": 27 },
                "end": { "line": 27, "column": 45 }
            },
            "14": {
                "start": { "line": 29, "column": 12 },
                "end": { "line": 29, "column": 47 }
            },
            "15": {
                "start": { "line": 22, "column": 0 },
                "end": { "line": 22, "column": 16 }
            },
            "16": {
                "start": { "line": 36, "column": 4 },
                "end": { "line": 40, "column": 47 }
            },
            "17": {
                "start": { "line": 37, "column": 27 },
                "end": { "line": 37, "column": 46 }
            },
            "18": {
                "start": { "line": 39, "column": 12 },
                "end": { "line": 39, "column": 47 }
            },
            "19": {
                "start": { "line": 32, "column": 0 },
                "end": { "line": 32, "column": 16 }
            }
        },
        "fnMap": {
            "0": {
                "name": "objectKeys",
                "decl": {
                    "start": { "line": 1, "column": 16 },
                    "end": { "line": 1, "column": 26 }
                },
                "loc": {
                    "start": { "line": 2, "column": 10 },
                    "end": { "line": 6, "column": 1 }
                }
            },
            "1": {
                "name": "objectEntries",
                "decl": {
                    "start": { "line": 8, "column": 16 },
                    "end": { "line": 8, "column": 29 }
                },
                "loc": {
                    "start": { "line": 9, "column": 10 },
                    "end": { "line": 13, "column": 1 }
                }
            },
            "2": {
                "name": "objectValues",
                "decl": {
                    "start": { "line": 15, "column": 16 },
                    "end": { "line": 15, "column": 28 }
                },
                "loc": {
                    "start": { "line": 16, "column": 10 },
                    "end": { "line": 20, "column": 1 }
                }
            },
            "3": {
                "name": "pick",
                "decl": {
                    "start": { "line": 22, "column": 16 },
                    "end": { "line": 22, "column": 20 }
                },
                "loc": {
                    "start": { "line": 24, "column": 27 },
                    "end": { "line": 31, "column": 1 }
                }
            },
            "4": {
                "name": "(anonymous_4)",
                "decl": {
                    "start": { "line": 27, "column": 16 },
                    "end": { "line": 27, "column": 17 }
                },
                "loc": {
                    "start": { "line": 27, "column": 27 },
                    "end": { "line": 27, "column": 45 }
                }
            },
            "5": {
                "name": "(anonymous_5)",
                "decl": {
                    "start": { "line": 28, "column": 16 },
                    "end": { "line": 28, "column": 17 }
                },
                "loc": {
                    "start": { "line": 28, "column": 41 },
                    "end": { "line": 30, "column": 9 }
                }
            },
            "6": {
                "name": "omit",
                "decl": {
                    "start": { "line": 32, "column": 16 },
                    "end": { "line": 32, "column": 20 }
                },
                "loc": {
                    "start": { "line": 34, "column": 27 },
                    "end": { "line": 41, "column": 1 }
                }
            },
            "7": {
                "name": "(anonymous_7)",
                "decl": {
                    "start": { "line": 37, "column": 16 },
                    "end": { "line": 37, "column": 17 }
                },
                "loc": {
                    "start": { "line": 37, "column": 27 },
                    "end": { "line": 37, "column": 46 }
                }
            },
            "8": {
                "name": "(anonymous_8)",
                "decl": {
                    "start": { "line": 38, "column": 16 },
                    "end": { "line": 38, "column": 17 }
                },
                "loc": {
                    "start": { "line": 38, "column": 41 },
                    "end": { "line": 40, "column": 9 }
                }
            }
        },
        "branchMap": {
            "0": {
                "loc": {
                    "start": { "line": 4, "column": 4 },
                    "end": { "line": 4, "column": 44 }
                },
                "type": "if",
                "locations": [
                    {
                        "start": { "line": 4, "column": 4 },
                        "end": { "line": 4, "column": 44 }
                    }
                ]
            },
            "1": {
                "loc": {
                    "start": { "line": 11, "column": 4 },
                    "end": { "line": 11, "column": 44 }
                },
                "type": "if",
                "locations": [
                    {
                        "start": { "line": 11, "column": 4 },
                        "end": { "line": 11, "column": 44 }
                    }
                ]
            },
            "2": {
                "loc": {
                    "start": { "line": 18, "column": 4 },
                    "end": { "line": 18, "column": 44 }
                },
                "type": "if",
                "locations": [
                    {
                        "start": { "line": 18, "column": 4 },
                        "end": { "line": 18, "column": 44 }
                    }
                ]
            }
        },
        "s": {
            "0": 3,
            "1": 1,
            "2": 2,
            "3": 1,
            "4": 9,
            "5": 3,
            "6": 6,
            "7": 1,
            "8": 3,
            "9": 1,
            "10": 2,
            "11": 1,
            "12": 3,
            "13": 6,
            "14": 2,
            "15": 1,
            "16": 3,
            "17": 6,
            "18": 4,
            "19": 1
        },
        "f": {
            "0": 3,
            "1": 9,
            "2": 3,
            "3": 3,
            "4": 6,
            "5": 2,
            "6": 3,
            "7": 6,
            "8": 4
        },
        "b": { "0": [1], "1": [3], "2": [1] }
    }
}
