TN:
SF:src/index.ts
FN:1,objectKeys
FN:8,objectEntries
FN:15,objectValues
FN:22,pick
FN:27,(anonymous_4)
FN:28,(anonymous_5)
FN:32,omit
FN:37,(anonymous_7)
FN:38,(anonymous_8)
FNF:9
FNH:9
FNDA:3,objectKeys
FNDA:9,objectEntries
FNDA:3,objectValues
FNDA:3,pick
FNDA:6,(anonymous_4)
FNDA:2,(anonymous_5)
FNDA:3,omit
FNDA:6,(anonymous_7)
FNDA:4,(anonymous_8)
DA:1,1
DA:4,3
DA:5,2
DA:8,1
DA:11,9
DA:12,6
DA:15,1
DA:18,3
DA:19,2
DA:22,1
DA:26,3
DA:27,6
DA:29,2
DA:32,1
DA:36,3
DA:37,6
DA:39,4
LF:17
LH:17
BRDA:4,0,0,1
BRDA:11,1,0,3
BRDA:18,2,0,1
BRF:3
BRH:3
end_of_record
